2024-12-18T04:05:55.437Z [32minfo[39m: Server is running on port 3000
2024-12-18T04:11:39.930Z [32minfo[39m: Server is running on port 3000
2024-12-18T04:16:38.548Z [32minfo[39m: Server is running on port 3000
2024-12-18T04:16:48.201Z [31merror[39m: Error fetching items: Table 'todo-node-express.Items' doesn't exist
2024-12-18T04:18:32.120Z [32minfo[39m: Server is running on port 3000
2024-12-18T04:18:32.178Z [32minfo[39m: Database synchronized successfully.
2024-12-18T04:19:23.988Z [32minfo[39m: Server is running on port 3000
2024-12-18T04:19:24.070Z [32minfo[39m: Database synchronized successfully.
2024-12-18T04:21:03.391Z [32minfo[39m: Item created: Laptop
2024-12-18T04:34:11.837Z [32minfo[39m: Server is running on port 3000
2024-12-18T04:34:12.485Z [32minfo[39m: Server is running on port 3000
2024-12-18T04:34:13.128Z [32minfo[39m: Server is running on port 3000
2024-12-18T04:34:13.761Z [32minfo[39m: Server is running on port 3000
2024-12-18T04:34:14.446Z [32minfo[39m: Server is running on port 3000
2024-12-18T04:34:15.088Z [32minfo[39m: Server is running on port 3000
2024-12-18T04:34:15.761Z [32minfo[39m: Server is running on port 3000
2024-12-18T04:34:16.474Z [32minfo[39m: Server is running on port 3000
2024-12-18T04:34:17.112Z [32minfo[39m: Server is running on port 3000
2024-12-18T04:34:17.754Z [32minfo[39m: Server is running on port 3000
2024-12-18T04:34:18.393Z [32minfo[39m: Server is running on port 3000
2024-12-18T04:34:19.148Z [32minfo[39m: Server is running on port 3000
2024-12-18T04:34:19.840Z [32minfo[39m: Server is running on port 3000
2024-12-18T04:34:20.497Z [32minfo[39m: Server is running on port 3000
2024-12-18T04:34:21.257Z [32minfo[39m: Server is running on port 3000
2024-12-18T04:34:21.909Z [32minfo[39m: Server is running on port 3000
2024-12-18T04:34:22.573Z [32minfo[39m: Server is running on port 3000
2024-12-18T04:34:23.217Z [32minfo[39m: Server is running on port 3000
2024-12-18T04:34:23.911Z [32minfo[39m: Server is running on port 3000
2024-12-18T04:34:24.589Z [32minfo[39m: Server is running on port 3000
2024-12-18T04:34:25.281Z [32minfo[39m: Server is running on port 3000
2024-12-18T04:34:25.966Z [32minfo[39m: Server is running on port 3000
2024-12-18T04:34:26.643Z [32minfo[39m: Server is running on port 3000
2024-12-18T04:34:27.272Z [32minfo[39m: Server is running on port 3000
2024-12-18T04:34:28.084Z [32minfo[39m: Server is running on port 3000
2024-12-18T04:34:28.832Z [32minfo[39m: Server is running on port 3000
2024-12-18T04:34:29.484Z [32minfo[39m: Server is running on port 3000
2024-12-18T04:34:30.149Z [32minfo[39m: Server is running on port 3000
2024-12-18T04:34:30.875Z [32minfo[39m: Server is running on port 3000
2024-12-18T04:34:31.558Z [32minfo[39m: Server is running on port 3000
2024-12-18T04:34:32.190Z [32minfo[39m: Server is running on port 3000
2024-12-18T04:34:32.880Z [32minfo[39m: Server is running on port 3000
2024-12-18T04:34:33.663Z [32minfo[39m: Server is running on port 3000
2024-12-18T04:34:34.348Z [32minfo[39m: Server is running on port 3000
2024-12-18T04:34:35.013Z [32minfo[39m: Server is running on port 3000
2024-12-18T04:34:35.677Z [32minfo[39m: Server is running on port 3000
2024-12-18T04:34:36.387Z [32minfo[39m: Server is running on port 3000
2024-12-18T04:34:37.092Z [32minfo[39m: Server is running on port 3000
2024-12-18T04:34:37.792Z [32minfo[39m: Server is running on port 3000
2024-12-18T04:34:38.508Z [32minfo[39m: Server is running on port 3000
2024-12-18T04:34:39.250Z [32minfo[39m: Server is running on port 3000
2024-12-18T04:34:39.956Z [32minfo[39m: Server is running on port 3000
2024-12-18T04:34:40.615Z [32minfo[39m: Server is running on port 3000
2024-12-18T04:34:41.258Z [32minfo[39m: Server is running on port 3000
2024-12-18T04:34:42.025Z [32minfo[39m: Server is running on port 3000
2024-12-18T04:34:42.764Z [32minfo[39m: Server is running on port 3000
2024-12-18T04:34:43.515Z [32minfo[39m: Server is running on port 3000
2024-12-18T04:34:44.195Z [32minfo[39m: Server is running on port 3000
2024-12-18T04:34:44.943Z [32minfo[39m: Server is running on port 3000
2024-12-18T04:34:45.579Z [32minfo[39m: Server is running on port 3000
2024-12-18T04:34:46.209Z [32minfo[39m: Server is running on port 3000
2024-12-18T04:34:46.870Z [32minfo[39m: Server is running on port 3000
2024-12-18T04:34:47.551Z [32minfo[39m: Server is running on port 3000
2024-12-18T04:34:48.197Z [32minfo[39m: Server is running on port 3000
2024-12-18T04:34:48.971Z [32minfo[39m: Server is running on port 3000
2024-12-18T04:34:49.620Z [32minfo[39m: Server is running on port 3000
2024-12-18T04:34:50.402Z [32minfo[39m: Server is running on port 3000
2024-12-18T04:34:51.043Z [32minfo[39m: Server is running on port 3000
2024-12-18T04:34:51.714Z [32minfo[39m: Server is running on port 3000
2024-12-18T04:34:52.427Z [32minfo[39m: Server is running on port 3000
2024-12-18T04:34:53.087Z [32minfo[39m: Server is running on port 3000
2024-12-18T04:34:53.836Z [32minfo[39m: Server is running on port 3000
2024-12-18T04:34:54.631Z [32minfo[39m: Server is running on port 3000
2024-12-18T04:34:55.310Z [32minfo[39m: Server is running on port 3000
2024-12-18T04:34:55.931Z [32minfo[39m: Server is running on port 3000
2024-12-18T04:34:56.537Z [32minfo[39m: Server is running on port 3000
2024-12-18T04:34:57.188Z [32minfo[39m: Server is running on port 3000
2024-12-18T04:34:57.857Z [32minfo[39m: Server is running on port 3000
2024-12-18T04:34:58.620Z [32minfo[39m: Server is running on port 3000
2024-12-18T04:34:59.244Z [32minfo[39m: Server is running on port 3000
2024-12-18T04:34:59.877Z [32minfo[39m: Server is running on port 3000
2024-12-18T04:35:00.597Z [32minfo[39m: Server is running on port 3000
2024-12-18T04:35:01.242Z [32minfo[39m: Server is running on port 3000
2024-12-18T04:35:01.867Z [32minfo[39m: Server is running on port 3000
2024-12-18T04:35:02.485Z [32minfo[39m: Server is running on port 3000
2024-12-18T04:35:03.100Z [32minfo[39m: Server is running on port 3000
2024-12-18T04:35:03.747Z [32minfo[39m: Server is running on port 3000
2024-12-18T04:35:04.353Z [32minfo[39m: Server is running on port 3000
2024-12-18T04:35:05.024Z [32minfo[39m: Server is running on port 3000
2024-12-18T04:35:05.704Z [32minfo[39m: Server is running on port 3000
2024-12-18T04:35:06.382Z [32minfo[39m: Server is running on port 3000
2024-12-18T04:35:07.054Z [32minfo[39m: Server is running on port 3000
2024-12-18T04:35:07.775Z [32minfo[39m: Server is running on port 3000
2024-12-18T04:35:08.449Z [32minfo[39m: Server is running on port 3000
2024-12-18T04:35:09.128Z [32minfo[39m: Server is running on port 3000
2024-12-18T04:35:09.852Z [32minfo[39m: Server is running on port 3000
2024-12-18T04:35:10.497Z [32minfo[39m: Server is running on port 3000
2024-12-18T04:35:11.145Z [32minfo[39m: Server is running on port 3000
2024-12-18T04:35:11.816Z [32minfo[39m: Server is running on port 3000
2024-12-18T04:35:12.475Z [32minfo[39m: Server is running on port 3000
2024-12-18T04:35:13.118Z [32minfo[39m: Server is running on port 3000
2024-12-18T04:35:13.781Z [32minfo[39m: Server is running on port 3000
2024-12-18T04:35:14.445Z [32minfo[39m: Server is running on port 3000
2024-12-18T04:35:15.096Z [32minfo[39m: Server is running on port 3000
2024-12-18T04:35:15.732Z [32minfo[39m: Server is running on port 3000
2024-12-18T04:35:16.425Z [32minfo[39m: Server is running on port 3000
2024-12-18T04:35:17.049Z [32minfo[39m: Server is running on port 3000
2024-12-18T04:35:17.687Z [32minfo[39m: Server is running on port 3000
2024-12-18T04:35:18.359Z [32minfo[39m: Server is running on port 3000
2024-12-18T04:35:19.001Z [32minfo[39m: Server is running on port 3000
2024-12-18T04:35:19.683Z [32minfo[39m: Server is running on port 3000
2024-12-18T04:35:20.339Z [32minfo[39m: Server is running on port 3000
2024-12-18T04:35:20.997Z [32minfo[39m: Server is running on port 3000
2024-12-18T04:35:21.660Z [32minfo[39m: Server is running on port 3000
2024-12-18T04:35:22.335Z [32minfo[39m: Server is running on port 3000
2024-12-18T04:35:23.002Z [32minfo[39m: Server is running on port 3000
2024-12-18T04:35:23.683Z [32minfo[39m: Server is running on port 3000
2024-12-18T04:35:24.374Z [32minfo[39m: Server is running on port 3000
2024-12-18T04:35:25.046Z [32minfo[39m: Server is running on port 3000
2024-12-18T04:35:25.799Z [32minfo[39m: Server is running on port 3000
2024-12-18T04:35:26.466Z [32minfo[39m: Server is running on port 3000
2024-12-18T04:35:27.147Z [32minfo[39m: Server is running on port 3000
2024-12-18T04:35:27.921Z [32minfo[39m: Server is running on port 3000
2024-12-18T04:35:28.606Z [32minfo[39m: Server is running on port 3000
2024-12-18T04:35:29.308Z [32minfo[39m: Server is running on port 3000
2024-12-18T04:35:30.075Z [32minfo[39m: Server is running on port 3000
2024-12-18T04:35:30.808Z [32minfo[39m: Server is running on port 3000
2024-12-18T04:35:31.484Z [32minfo[39m: Server is running on port 3000
2024-12-18T04:35:32.240Z [32minfo[39m: Server is running on port 3000
2024-12-18T04:35:33.042Z [32minfo[39m: Server is running on port 3000
2024-12-18T04:35:33.798Z [32minfo[39m: Server is running on port 3000
2024-12-18T04:35:34.545Z [32minfo[39m: Server is running on port 3000
2024-12-18T04:35:35.292Z [32minfo[39m: Server is running on port 3000
2024-12-18T04:35:36.130Z [32minfo[39m: Server is running on port 3000
2024-12-18T04:35:36.959Z [32minfo[39m: Server is running on port 3000
2024-12-18T04:35:37.683Z [32minfo[39m: Server is running on port 3000
2024-12-18T04:35:38.362Z [32minfo[39m: Server is running on port 3000
2024-12-18T04:35:39.143Z [32minfo[39m: Server is running on port 3000
2024-12-18T04:35:40.097Z [32minfo[39m: Server is running on port 3000
2024-12-18T04:35:40.910Z [32minfo[39m: Server is running on port 3000
2024-12-18T04:35:41.763Z [32minfo[39m: Server is running on port 3000
2024-12-18T04:35:42.583Z [32minfo[39m: Server is running on port 3000
2024-12-18T04:35:43.264Z [32minfo[39m: Server is running on port 3000
2024-12-18T04:35:43.862Z [32minfo[39m: Server is running on port 3000
2024-12-18T04:35:44.484Z [32minfo[39m: Server is running on port 3000
2024-12-18T04:35:45.175Z [32minfo[39m: Server is running on port 3000
2024-12-18T04:35:45.815Z [32minfo[39m: Server is running on port 3000
2024-12-18T04:35:46.433Z [32minfo[39m: Server is running on port 3000
2024-12-18T04:35:47.063Z [32minfo[39m: Server is running on port 3000
2024-12-18T04:35:47.682Z [32minfo[39m: Server is running on port 3000
2024-12-18T04:35:48.403Z [32minfo[39m: Server is running on port 3000
2024-12-18T04:35:49.086Z [32minfo[39m: Server is running on port 3000
2024-12-18T04:35:49.777Z [32minfo[39m: Server is running on port 3000
2024-12-18T04:35:50.425Z [32minfo[39m: Server is running on port 3000
2024-12-18T04:35:51.078Z [32minfo[39m: Server is running on port 3000
2024-12-18T04:35:51.776Z [32minfo[39m: Server is running on port 3000
2024-12-18T04:35:52.407Z [32minfo[39m: Server is running on port 3000
2024-12-18T04:35:53.126Z [32minfo[39m: Server is running on port 3000
2024-12-18T04:35:53.887Z [32minfo[39m: Server is running on port 3000
2024-12-18T04:35:54.547Z [32minfo[39m: Server is running on port 3000
2024-12-18T04:35:55.163Z [32minfo[39m: Server is running on port 3000
2024-12-18T04:35:55.804Z [32minfo[39m: Server is running on port 3000
2024-12-18T04:35:56.493Z [32minfo[39m: Server is running on port 3000
2024-12-18T04:35:57.114Z [32minfo[39m: Server is running on port 3000
2024-12-18T04:35:57.805Z [32minfo[39m: Server is running on port 3000
2024-12-18T04:35:58.432Z [32minfo[39m: Server is running on port 3000
2024-12-18T04:35:59.069Z [32minfo[39m: Server is running on port 3000
2024-12-18T04:35:59.691Z [32minfo[39m: Server is running on port 3000
2024-12-18T04:36:00.323Z [32minfo[39m: Server is running on port 3000
2024-12-18T04:36:00.988Z [32minfo[39m: Server is running on port 3000
2024-12-18T04:36:01.686Z [32minfo[39m: Server is running on port 3000
2024-12-18T04:36:02.328Z [32minfo[39m: Server is running on port 3000
2024-12-18T04:36:03.016Z [32minfo[39m: Server is running on port 3000
2024-12-18T04:36:03.668Z [32minfo[39m: Server is running on port 3000
2024-12-18T04:36:04.336Z [32minfo[39m: Server is running on port 3000
2024-12-18T04:36:04.961Z [32minfo[39m: Server is running on port 3000
2024-12-18T04:36:05.586Z [32minfo[39m: Server is running on port 3000
2024-12-18T04:36:06.247Z [32minfo[39m: Server is running on port 3000
2024-12-18T04:36:06.887Z [32minfo[39m: Server is running on port 3000
2024-12-18T04:36:07.521Z [32minfo[39m: Server is running on port 3000
2024-12-18T04:36:08.197Z [32minfo[39m: Server is running on port 3000
2024-12-18T04:36:08.831Z [32minfo[39m: Server is running on port 3000
2024-12-18T04:36:09.528Z [32minfo[39m: Server is running on port 3000
2024-12-18T04:36:10.201Z [32minfo[39m: Server is running on port 3000
2024-12-18T04:36:10.840Z [32minfo[39m: Server is running on port 3000
2024-12-18T04:36:11.486Z [32minfo[39m: Server is running on port 3000
2024-12-18T04:36:12.115Z [32minfo[39m: Server is running on port 3000
2024-12-18T04:36:12.749Z [32minfo[39m: Server is running on port 3000
2024-12-18T04:36:13.530Z [32minfo[39m: Server is running on port 3000
2024-12-18T04:36:14.223Z [32minfo[39m: Server is running on port 3000
2024-12-18T04:36:14.926Z [32minfo[39m: Server is running on port 3000
2024-12-18T04:36:15.643Z [32minfo[39m: Server is running on port 3000
2024-12-18T04:36:16.303Z [32minfo[39m: Server is running on port 3000
2024-12-18T04:36:16.915Z [32minfo[39m: Server is running on port 3000
2024-12-18T04:36:17.583Z [32minfo[39m: Server is running on port 3000
2024-12-18T04:36:18.970Z [32minfo[39m: Server is running on port 3000
2024-12-18T04:36:19.709Z [32minfo[39m: Server is running on port 3000
2024-12-18T04:36:20.314Z [32minfo[39m: Server is running on port 3000
2024-12-18T04:36:20.968Z [32minfo[39m: Server is running on port 3000
2024-12-18T04:36:21.601Z [32minfo[39m: Server is running on port 3000
2024-12-18T04:36:22.238Z [32minfo[39m: Server is running on port 3000
2024-12-18T04:36:22.869Z [32minfo[39m: Server is running on port 3000
2024-12-18T04:36:23.497Z [32minfo[39m: Server is running on port 3000
2024-12-18T04:36:24.131Z [32minfo[39m: Server is running on port 3000
2024-12-18T04:36:24.776Z [32minfo[39m: Server is running on port 3000
2024-12-18T04:36:25.413Z [32minfo[39m: Server is running on port 3000
2024-12-18T04:36:26.124Z [32minfo[39m: Server is running on port 3000
2024-12-18T04:36:26.755Z [32minfo[39m: Server is running on port 3000
2024-12-18T04:36:27.401Z [32minfo[39m: Server is running on port 3000
2024-12-18T04:36:28.039Z [32minfo[39m: Server is running on port 3000
2024-12-18T04:36:28.704Z [32minfo[39m: Server is running on port 3000
2024-12-18T04:36:29.388Z [32minfo[39m: Server is running on port 3000
2024-12-18T04:36:30.114Z [32minfo[39m: Server is running on port 3000
2024-12-18T04:36:34.563Z [32minfo[39m: Server is running on port 3000
2024-12-18T04:36:35.203Z [32minfo[39m: Server is running on port 3000
2024-12-18T04:36:35.848Z [32minfo[39m: Server is running on port 3000
2024-12-18T04:36:36.515Z [32minfo[39m: Server is running on port 3000
2024-12-18T04:36:37.236Z [32minfo[39m: Server is running on port 3000
2024-12-18T04:36:37.941Z [32minfo[39m: Server is running on port 3000
2024-12-18T04:36:38.561Z [32minfo[39m: Server is running on port 3000
2024-12-18T04:36:39.200Z [32minfo[39m: Server is running on port 3000
2024-12-18T04:36:39.840Z [32minfo[39m: Server is running on port 3000
2024-12-18T04:36:40.494Z [32minfo[39m: Server is running on port 3000
2024-12-18T04:36:41.128Z [32minfo[39m: Server is running on port 3000
2024-12-18T04:36:41.805Z [32minfo[39m: Server is running on port 3000
2024-12-18T04:36:42.447Z [32minfo[39m: Server is running on port 3000
2024-12-18T04:36:43.084Z [32minfo[39m: Server is running on port 3000
2024-12-18T04:36:43.733Z [32minfo[39m: Server is running on port 3000
2024-12-18T04:36:44.449Z [32minfo[39m: Server is running on port 3000
2024-12-18T04:36:45.101Z [32minfo[39m: Server is running on port 3000
2024-12-18T04:36:45.783Z [32minfo[39m: Server is running on port 3000
2024-12-18T04:36:46.468Z [32minfo[39m: Server is running on port 3000
2024-12-18T04:36:47.128Z [32minfo[39m: Server is running on port 3000
2024-12-18T04:36:47.860Z [32minfo[39m: Server is running on port 3000
2024-12-18T04:36:48.605Z [32minfo[39m: Server is running on port 3000
2024-12-18T04:36:49.318Z [32minfo[39m: Server is running on port 3000
2024-12-18T04:36:49.960Z [32minfo[39m: Server is running on port 3000
2024-12-18T04:36:50.696Z [32minfo[39m: Server is running on port 3000
2024-12-18T04:36:51.368Z [32minfo[39m: Server is running on port 3000
2024-12-18T04:36:52.145Z [32minfo[39m: Server is running on port 3000
2024-12-18T04:36:52.921Z [32minfo[39m: Server is running on port 3000
2024-12-18T04:36:53.691Z [32minfo[39m: Server is running on port 3000
2024-12-18T04:36:54.737Z [32minfo[39m: Server is running on port 3000
2024-12-18T04:36:55.606Z [32minfo[39m: Server is running on port 3000
2024-12-18T04:36:56.480Z [32minfo[39m: Server is running on port 3000
2024-12-18T04:36:57.180Z [32minfo[39m: Server is running on port 3000
2024-12-18T04:36:58.107Z [32minfo[39m: Server is running on port 3000
2024-12-18T04:36:58.882Z [32minfo[39m: Server is running on port 3000
2024-12-18T04:36:59.646Z [32minfo[39m: Server is running on port 3000
2024-12-18T04:37:00.405Z [32minfo[39m: Server is running on port 3000
2024-12-18T04:37:01.274Z [32minfo[39m: Server is running on port 3000
2024-12-18T04:37:02.081Z [32minfo[39m: Server is running on port 3000
2024-12-18T04:37:02.805Z [32minfo[39m: Server is running on port 3000
2024-12-18T04:37:03.479Z [32minfo[39m: Server is running on port 3000
2024-12-18T04:37:04.257Z [32minfo[39m: Server is running on port 3000
2024-12-18T04:37:04.928Z [32minfo[39m: Server is running on port 3000
2024-12-18T04:37:05.596Z [32minfo[39m: Server is running on port 3000
2024-12-18T04:37:06.350Z [32minfo[39m: Server is running on port 3000
2024-12-18T04:37:07.041Z [32minfo[39m: Server is running on port 3000
2024-12-18T04:37:07.734Z [32minfo[39m: Server is running on port 3000
2024-12-18T04:37:08.422Z [32minfo[39m: Server is running on port 3000
2024-12-18T04:37:09.105Z [32minfo[39m: Server is running on port 3000
2024-12-18T04:37:09.762Z [32minfo[39m: Server is running on port 3000
2024-12-18T04:37:10.451Z [32minfo[39m: Server is running on port 3000
2024-12-18T04:37:11.216Z [32minfo[39m: Server is running on port 3000
2024-12-18T04:37:11.901Z [32minfo[39m: Server is running on port 3000
2024-12-18T04:37:12.584Z [32minfo[39m: Server is running on port 3000
2024-12-18T04:37:13.273Z [32minfo[39m: Server is running on port 3000
2024-12-18T04:37:13.939Z [32minfo[39m: Server is running on port 3000
2024-12-18T04:37:14.612Z [32minfo[39m: Server is running on port 3000
2024-12-18T04:37:15.330Z [32minfo[39m: Server is running on port 3000
2024-12-18T04:37:16.263Z [32minfo[39m: Server is running on port 3000
2024-12-18T04:37:17.118Z [32minfo[39m: Server is running on port 3000
2024-12-18T04:37:18.048Z [32minfo[39m: Server is running on port 3000
2024-12-18T04:37:18.844Z [32minfo[39m: Server is running on port 3000
2024-12-18T04:37:19.891Z [32minfo[39m: Server is running on port 3000
2024-12-18T04:37:20.817Z [32minfo[39m: Server is running on port 3000
2024-12-18T04:37:21.795Z [32minfo[39m: Server is running on port 3000
2024-12-18T04:37:22.766Z [32minfo[39m: Server is running on port 3000
2024-12-18T04:37:23.809Z [32minfo[39m: Server is running on port 3000
2024-12-18T04:37:24.738Z [32minfo[39m: Server is running on port 3000
2024-12-18T04:37:25.640Z [32minfo[39m: Server is running on port 3000
2024-12-18T04:37:26.719Z [32minfo[39m: Server is running on port 3000
2024-12-18T04:37:27.660Z [32minfo[39m: Server is running on port 3000
2024-12-18T04:37:28.542Z [32minfo[39m: Server is running on port 3000
2024-12-18T04:37:29.408Z [32minfo[39m: Server is running on port 3000
2024-12-18T04:37:30.137Z [32minfo[39m: Server is running on port 3000
2024-12-18T04:37:30.883Z [32minfo[39m: Server is running on port 3000
2024-12-18T04:37:31.762Z [32minfo[39m: Server is running on port 3000
2024-12-18T04:37:32.603Z [32minfo[39m: Server is running on port 3000
2024-12-18T04:37:33.370Z [32minfo[39m: Server is running on port 3000
2024-12-18T04:37:34.117Z [32minfo[39m: Server is running on port 3000
2024-12-18T04:37:35.006Z [32minfo[39m: Server is running on port 3000
2024-12-18T04:37:35.843Z [32minfo[39m: Server is running on port 3000
2024-12-18T04:37:36.605Z [32minfo[39m: Server is running on port 3000
2024-12-18T04:37:37.606Z [32minfo[39m: Server is running on port 3000
2024-12-18T04:37:38.332Z [32minfo[39m: Server is running on port 3000
2024-12-18T04:37:39.079Z [32minfo[39m: Server is running on port 3000
2024-12-18T04:37:39.772Z [32minfo[39m: Server is running on port 3000
2024-12-18T04:37:40.457Z [32minfo[39m: Server is running on port 3000
2024-12-18T04:37:41.113Z [32minfo[39m: Server is running on port 3000
2024-12-18T04:37:41.776Z [32minfo[39m: Server is running on port 3000
2024-12-18T04:37:42.513Z [32minfo[39m: Server is running on port 3000
2024-12-18T04:37:43.166Z [32minfo[39m: Server is running on port 3000
2024-12-18T04:37:43.866Z [32minfo[39m: Server is running on port 3000
2024-12-18T04:37:44.620Z [32minfo[39m: Server is running on port 3000
2024-12-18T04:37:45.310Z [32minfo[39m: Server is running on port 3000
2024-12-18T04:37:46.053Z [32minfo[39m: Server is running on port 3000
2024-12-18T04:37:46.673Z [32minfo[39m: Server is running on port 3000
2024-12-18T04:37:47.324Z [32minfo[39m: Server is running on port 3000
2024-12-18T04:37:47.967Z [32minfo[39m: Server is running on port 3000
2024-12-18T04:37:48.612Z [32minfo[39m: Server is running on port 3000
2024-12-18T04:37:49.257Z [32minfo[39m: Server is running on port 3000
2024-12-18T04:37:49.912Z [32minfo[39m: Server is running on port 3000
2024-12-18T04:37:50.551Z [32minfo[39m: Server is running on port 3000
2024-12-18T04:37:51.169Z [32minfo[39m: Server is running on port 3000
2024-12-18T04:37:51.918Z [32minfo[39m: Server is running on port 3000
2024-12-18T04:37:52.617Z [32minfo[39m: Server is running on port 3000
2024-12-18T04:37:53.366Z [32minfo[39m: Server is running on port 3000
2024-12-18T04:37:54.041Z [32minfo[39m: Server is running on port 3000
2024-12-18T04:37:54.812Z [32minfo[39m: Server is running on port 3000
2024-12-18T04:37:55.592Z [32minfo[39m: Server is running on port 3000
2024-12-18T04:37:56.440Z [32minfo[39m: Server is running on port 3000
2024-12-18T04:37:57.194Z [32minfo[39m: Server is running on port 3000
2024-12-18T04:37:57.878Z [32minfo[39m: Server is running on port 3000
2024-12-18T04:37:58.672Z [32minfo[39m: Server is running on port 3000
2024-12-18T04:37:59.474Z [32minfo[39m: Server is running on port 3000
2024-12-18T04:38:00.216Z [32minfo[39m: Server is running on port 3000
2024-12-18T04:38:00.907Z [32minfo[39m: Server is running on port 3000
2024-12-18T04:38:01.701Z [32minfo[39m: Server is running on port 3000
2024-12-18T04:38:02.577Z [32minfo[39m: Server is running on port 3000
2024-12-18T04:38:03.374Z [32minfo[39m: Server is running on port 3000
2024-12-18T04:38:04.200Z [32minfo[39m: Server is running on port 3000
2024-12-18T04:38:04.901Z [32minfo[39m: Server is running on port 3000
2024-12-18T04:38:05.555Z [32minfo[39m: Server is running on port 3000
2024-12-18T04:38:06.276Z [32minfo[39m: Server is running on port 3000
2024-12-18T04:38:06.951Z [32minfo[39m: Server is running on port 3000
2024-12-18T04:38:07.626Z [32minfo[39m: Server is running on port 3000
2024-12-18T04:38:08.316Z [32minfo[39m: Server is running on port 3000
2024-12-18T04:38:09.002Z [32minfo[39m: Server is running on port 3000
2024-12-18T04:38:09.777Z [32minfo[39m: Server is running on port 3000
2024-12-18T04:38:10.618Z [32minfo[39m: Server is running on port 3000
2024-12-18T04:38:11.357Z [32minfo[39m: Server is running on port 3000
2024-12-18T04:38:12.116Z [32minfo[39m: Server is running on port 3000
2024-12-18T04:38:13.207Z [32minfo[39m: Server is running on port 3000
2024-12-18T04:38:13.941Z [32minfo[39m: Server is running on port 3000
2024-12-18T04:38:14.672Z [32minfo[39m: Server is running on port 3000
2024-12-18T04:38:15.516Z [32minfo[39m: Server is running on port 3000
2024-12-18T04:38:16.119Z [32minfo[39m: Server is running on port 3000
2024-12-18T04:38:16.935Z [32minfo[39m: Server is running on port 3000
2024-12-18T04:38:17.559Z [32minfo[39m: Server is running on port 3000
2024-12-18T04:38:18.456Z [32minfo[39m: Server is running on port 3000
2024-12-18T04:38:19.291Z [32minfo[39m: Server is running on port 3000
2024-12-18T04:38:20.090Z [32minfo[39m: Server is running on port 3000
2024-12-18T04:38:20.970Z [32minfo[39m: Server is running on port 3000
2024-12-18T04:38:21.682Z [32minfo[39m: Server is running on port 3000
2024-12-18T04:38:22.332Z [32minfo[39m: Server is running on port 3000
2024-12-18T04:38:25.951Z [32minfo[39m: Server is running on port 3000
2024-12-18T04:38:26.602Z [32minfo[39m: Server is running on port 3000
2024-12-18T04:38:27.255Z [32minfo[39m: Server is running on port 3000
2024-12-18T04:38:27.934Z [32minfo[39m: Server is running on port 3000
2024-12-18T04:38:28.580Z [32minfo[39m: Server is running on port 3000
2024-12-18T04:38:29.305Z [32minfo[39m: Server is running on port 3000
2024-12-18T04:38:29.965Z [32minfo[39m: Server is running on port 3000
2024-12-18T04:38:30.650Z [32minfo[39m: Server is running on port 3000
2024-12-18T04:38:31.294Z [32minfo[39m: Server is running on port 3000
2024-12-18T04:38:31.953Z [32minfo[39m: Server is running on port 3000
2024-12-18T04:38:32.603Z [32minfo[39m: Server is running on port 3000
2024-12-18T04:38:33.258Z [32minfo[39m: Server is running on port 3000
2024-12-18T04:38:33.904Z [32minfo[39m: Server is running on port 3000
2024-12-18T04:38:34.528Z [32minfo[39m: Server is running on port 3000
2024-12-18T04:38:35.153Z [32minfo[39m: Server is running on port 3000
2024-12-18T04:38:35.836Z [32minfo[39m: Server is running on port 3000
2024-12-18T04:38:36.575Z [32minfo[39m: Server is running on port 3000
2024-12-18T04:38:37.227Z [32minfo[39m: Server is running on port 3000
2024-12-18T04:38:37.871Z [32minfo[39m: Server is running on port 3000
2024-12-18T04:38:38.515Z [32minfo[39m: Server is running on port 3000
2024-12-18T04:38:39.444Z [32minfo[39m: Server is running on port 3000
2024-12-18T04:38:40.212Z [32minfo[39m: Server is running on port 3000
2024-12-18T04:38:40.916Z [32minfo[39m: Server is running on port 3000
2024-12-18T04:38:41.609Z [32minfo[39m: Server is running on port 3000
2024-12-18T04:38:51.244Z [32minfo[39m: Server is running on port 3000
2024-12-18T04:38:51.319Z [32minfo[39m: Database synchronized successfully.
2024-12-18T04:39:44.177Z [31merror[39m: Error creating item: notNull Violation: Item.name cannot be null
2024-12-18T04:39:44.177Z [31merror[39m: Error creating item: notNull Violation: Item.name cannot be null
2024-12-18T10:46:08.496Z [32minfo[39m: Server is running on port 3000
2024-12-18T10:46:08.584Z [32minfo[39m: Database synchronized successfully.
2024-12-18T10:47:47.737Z [32minfo[39m: Server is running on port 3000
2024-12-18T10:47:47.855Z [32minfo[39m: Database synchronized successfully.
2024-12-18T10:53:04.239Z [31merror[39m: Error creating item: notNull Violation: Item.name cannot be null
2024-12-18T10:53:04.240Z [31merror[39m: Error creating item: notNull Violation: Item.name cannot be null
2024-12-18T10:57:24.427Z [31merror[39m: Error fetching item by ID: Item not found
2024-12-18T10:57:24.431Z [31merror[39m: Error fetching item by ID: Item not found
2024-12-18T10:57:49.725Z [32minfo[39m: Item created: Laptop1
2024-12-18T11:05:40.289Z [31merror[39m: Error creating item: notNull Violation: Item.name cannot be null
2024-12-18T11:05:40.290Z [31merror[39m: Error creating item: notNull Violation: Item.name cannot be null
2024-12-18T11:07:05.614Z [32minfo[39m: Item created: yr
2024-12-18T11:22:14.228Z [32minfo[39m: Item created: 2
2024-12-18T11:23:33.487Z [32minfo[39m: Item created: r
2024-12-18T11:26:37.427Z [32minfo[39m: Item created: Todo2
2024-12-18T12:15:22.528Z [32minfo[39m: Item created: test
